TN:
SF:src/app/app.tsx
FN:3,App
FNF:1
FNH:0
FNDA:0,App
DA:1,0
DA:3,0
DA:4,0
DA:7,0
LF:4
LH:0
BRF:0
BRH:0
end_of_record
TN:
SF:src/app/components/Filters.tsx
FN:6,(anonymous_0)
FN:24,(anonymous_1)
FN:27,(anonymous_2)
FN:40,(anonymous_3)
FN:43,(anonymous_4)
FN:56,(anonymous_5)
FN:59,(anonymous_6)
FN:72,(anonymous_7)
FN:75,(anonymous_8)
FNF:9
FNH:0
FNDA:0,(anonymous_0)
FNDA:0,(anonymous_1)
FNDA:0,(anonymous_2)
FNDA:0,(anonymous_3)
FNDA:0,(anonymous_4)
FNDA:0,(anonymous_5)
FNDA:0,(anonymous_6)
FNDA:0,(anonymous_7)
FNDA:0,(anonymous_8)
DA:2,0
DA:3,0
DA:6,0
DA:7,0
DA:8,0
DA:24,0
DA:28,0
DA:40,0
DA:44,0
DA:56,0
DA:60,0
DA:72,0
DA:76,0
DA:86,0
LF:14
LH:0
BRDA:22,0,0,0
BRDA:22,0,1,0
BRDA:27,1,0,0
BRDA:27,1,1,0
BRDA:27,2,0,0
BRDA:27,2,1,0
BRDA:38,3,0,0
BRDA:38,3,1,0
BRDA:43,4,0,0
BRDA:43,4,1,0
BRDA:43,5,0,0
BRDA:43,5,1,0
BRDA:54,6,0,0
BRDA:54,6,1,0
BRDA:59,7,0,0
BRDA:59,7,1,0
BRDA:59,8,0,0
BRDA:59,8,1,0
BRDA:70,9,0,0
BRDA:70,9,1,0
BRDA:75,10,0,0
BRDA:75,10,1,0
BRDA:75,11,0,0
BRDA:75,11,1,0
BRF:24
BRH:0
end_of_record
TN:
SF:src/app/components/LoginForm.tsx
FN:16,LoginForm
FN:24,(anonymous_8)
FN:24,(anonymous_9)
FN:62,(anonymous_10)
FN:72,(anonymous_11)
FNF:5
FNH:0
FNDA:0,LoginForm
FNDA:0,(anonymous_8)
FNDA:0,(anonymous_9)
FNDA:0,(anonymous_10)
FNDA:0,(anonymous_11)
DA:1,0
DA:2,0
DA:3,0
DA:13,0
DA:14,0
DA:16,0
DA:17,0
DA:18,0
DA:19,0
DA:20,0
DA:21,0
DA:22,0
DA:24,0
DA:25,0
DA:26,0
DA:28,0
DA:29,0
DA:30,0
DA:33,0
DA:34,0
DA:35,0
DA:37,0
DA:38,0
DA:42,0
DA:44,0
DA:62,0
DA:72,0
LF:27
LH:0
BRDA:28,0,0,0
BRDA:28,1,0,0
BRDA:28,1,1,0
BRDA:42,2,0,0
BRDA:42,2,1,0
BRDA:78,3,0,0
BRDA:78,3,1,0
BRDA:89,4,0,0
BRDA:89,4,1,0
BRDA:92,5,0,0
BRDA:92,5,1,0
BRF:11
BRH:0
end_of_record
TN:
SF:src/app/components/StudentAutocomplete.tsx
FN:39,(anonymous_9)
FN:68,(anonymous_10)
FN:83,(anonymous_11)
FN:93,(anonymous_12)
FN:103,(anonymous_13)
FN:132,(anonymous_14)
FN:164,(anonymous_15)
FN:186,(anonymous_16)
FN:203,(anonymous_17)
FN:208,(anonymous_18)
FN:218,(anonymous_19)
FN:219,(anonymous_20)
FN:224,(anonymous_21)
FNF:13
FNH:0
FNDA:0,(anonymous_9)
FNDA:0,(anonymous_10)
FNDA:0,(anonymous_11)
FNDA:0,(anonymous_12)
FNDA:0,(anonymous_13)
FNDA:0,(anonymous_14)
FNDA:0,(anonymous_15)
FNDA:0,(anonymous_16)
FNDA:0,(anonymous_17)
FNDA:0,(anonymous_18)
FNDA:0,(anonymous_19)
FNDA:0,(anonymous_20)
FNDA:0,(anonymous_21)
DA:1,0
DA:2,0
DA:16,0
DA:21,0
DA:22,0
DA:23,0
DA:24,0
DA:39,0
DA:51,0
DA:52,0
DA:53,0
DA:55,0
DA:61,0
DA:69,0
DA:82,0
DA:84,0
DA:85,0
DA:86,0
DA:92,0
DA:94,0
DA:95,0
DA:96,0
DA:97,0
DA:103,0
DA:104,0
DA:132,0
DA:133,0
DA:164,0
DA:165,0
DA:186,0
DA:187,0
DA:188,0
DA:190,0
DA:191,0
DA:193,0
DA:194,0
DA:196,0
DA:199,0
DA:204,0
DA:205,0
DA:208,0
DA:218,0
DA:219,0
DA:224,0
DA:247,0
LF:45
LH:0
BRDA:43,0,0,0
BRDA:44,1,0,0
BRDA:45,2,0,0
BRDA:46,3,0,0
BRDA:48,4,0,0
BRDA:49,5,0,0
BRDA:58,6,0,0
BRDA:76,7,0,0
BRDA:76,7,1,0
BRDA:76,7,2,0
BRDA:85,8,0,0
BRDA:95,9,0,0
BRDA:148,10,0,0
BRDA:148,10,1,0
BRDA:148,11,0,0
BRDA:148,11,1,0
BRDA:187,12,0,0
BRDA:190,13,0,0
BRDA:193,14,0,0
BRDA:204,15,0,0
BRF:20
BRH:0
end_of_record
TN:
SF:src/app/components/StudentDetailsDialog.tsx
FN:39,TabPanel
FN:63,(anonymous_3)
FN:74,(anonymous_4)
FN:80,(anonymous_5)
FN:95,(anonymous_6)
FN:487,(anonymous_7)
FNF:6
FNH:0
FNDA:0,TabPanel
FNDA:0,(anonymous_3)
FNDA:0,(anonymous_4)
FNDA:0,(anonymous_5)
FNDA:0,(anonymous_6)
FNDA:0,(anonymous_7)
DA:1,0
DA:2,0
DA:23,0
DA:24,0
DA:25,0
DA:40,0
DA:42,0
DA:63,0
DA:68,0
DA:69,0
DA:70,0
DA:71,0
DA:72,0
DA:74,0
DA:75,0
DA:78,0
DA:80,0
DA:81,0
DA:83,0
DA:85,0
DA:87,0
DA:89,0
DA:91,0
DA:95,0
DA:96,0
DA:98,0
DA:100,0
DA:102,0
DA:104,0
DA:108,0
DA:488,0
DA:587,0
LF:32
LH:0
BRDA:50,0,0,0
BRDA:50,0,1,0
BRDA:78,1,0,0
BRDA:81,2,0,0
BRDA:81,2,1,0
BRDA:81,2,2,0
BRDA:81,2,3,0
BRDA:81,2,4,0
BRDA:96,3,0,0
BRDA:96,3,1,0
BRDA:96,3,2,0
BRDA:96,3,3,0
BRDA:116,4,0,0
BRDA:116,4,1,0
BRDA:117,5,0,0
BRDA:117,5,1,0
BRDA:118,6,0,0
BRDA:118,6,1,0
BRDA:119,7,0,0
BRDA:119,7,1,0
BRDA:120,8,0,0
BRDA:120,8,1,0
BRDA:121,9,0,0
BRDA:121,9,1,0
BRDA:146,10,0,0
BRDA:146,10,1,0
BRDA:154,11,0,0
BRDA:154,11,1,0
BRDA:154,12,0,0
BRDA:154,12,1,0
BRDA:179,13,0,0
BRDA:179,13,1,0
BRDA:180,14,0,0
BRDA:180,14,1,0
BRDA:214,15,0,0
BRDA:214,15,1,0
BRDA:242,16,0,0
BRDA:242,16,1,0
BRDA:242,17,0,0
BRDA:242,17,1,0
BRDA:266,18,0,0
BRDA:266,18,1,0
BRDA:266,19,0,0
BRDA:266,19,1,0
BRDA:302,20,0,0
BRDA:302,20,1,0
BRDA:330,21,0,0
BRDA:330,21,1,0
BRDA:356,22,0,0
BRDA:356,22,1,0
BRDA:420,23,0,0
BRDA:420,23,1,0
BRDA:467,24,0,0
BRDA:467,24,1,0
BRDA:479,25,0,0
BRDA:479,25,1,0
BRDA:479,26,0,0
BRDA:479,26,1,0
BRDA:517,27,0,0
BRDA:517,27,1,0
BRF:60
BRH:0
end_of_record
TN:
SF:src/app/components/SubmissionFilters.tsx
FN:27,(anonymous_1)
FN:66,(anonymous_2)
FN:69,(anonymous_3)
FN:83,(anonymous_4)
FN:86,(anonymous_5)
FNF:5
FNH:0
FNDA:0,(anonymous_1)
FNDA:0,(anonymous_2)
FNDA:0,(anonymous_3)
FNDA:0,(anonymous_4)
FNDA:0,(anonymous_5)
DA:2,0
DA:9,0
DA:11,0
DA:27,0
DA:35,0
DA:37,0
DA:66,0
DA:70,0
DA:83,0
DA:87,0
DA:97,0
LF:11
LH:0
BRDA:69,0,0,0
BRDA:69,0,1,0
BRDA:69,1,0,0
BRDA:69,1,1,0
BRDA:69,2,0,0
BRDA:69,2,1,0
BRDA:69,3,0,0
BRDA:69,3,1,0
BRDA:86,4,0,0
BRDA:86,4,1,0
BRDA:86,5,0,0
BRDA:86,5,1,0
BRDA:86,6,0,0
BRDA:86,6,1,0
BRDA:86,7,0,0
BRDA:86,7,1,0
BRF:16
BRH:0
end_of_record
TN:
SF:src/app/components/Table.tsx
FN:11,(anonymous_0)
FN:12,(anonymous_1)
FN:15,(anonymous_2)
FN:20,(anonymous_3)
FN:26,(anonymous_4)
FN:28,(anonymous_5)
FNF:6
FNH:6
FNDA:12,(anonymous_0)
FNDA:12,(anonymous_1)
FNDA:4,(anonymous_2)
FNDA:8,(anonymous_3)
FNDA:6,(anonymous_4)
FNDA:12,(anonymous_5)
DA:1,1
DA:11,1
DA:12,12
DA:15,1
DA:16,4
DA:21,8
DA:27,6
DA:29,12
DA:42,1
LF:9
LH:9
BRDA:12,0,0,12
BRDA:12,0,1,12
BRDA:30,1,0,0
BRDA:30,1,1,12
BRDA:27,2,0,6
BRDA:27,2,1,0
BRF:6
BRH:4
end_of_record
TN:
SF:src/app/components/common/Footer.tsx
FN:4,(anonymous_0)
FN:14,(anonymous_1)
FNF:2
FNH:0
FNDA:0,(anonymous_0)
FNDA:0,(anonymous_1)
DA:1,0
DA:2,0
DA:4,0
DA:5,0
DA:7,0
DA:15,0
DA:29,0
LF:7
LH:0
BRDA:15,0,0,0
BRDA:15,0,1,0
BRF:2
BRH:0
end_of_record
TN:
SF:src/app/components/common/Header.tsx
FN:15,(anonymous_1)
FN:20,(anonymous_2)
FN:24,(anonymous_3)
FN:28,(anonymous_4)
FN:44,(anonymous_5)
FN:62,(anonymous_6)
FNF:6
FNH:0
FNDA:0,(anonymous_1)
FNDA:0,(anonymous_2)
FNDA:0,(anonymous_3)
FNDA:0,(anonymous_4)
FNDA:0,(anonymous_5)
FNDA:0,(anonymous_6)
DA:1,0
DA:11,0
DA:12,0
DA:13,0
DA:15,0
DA:16,0
DA:17,0
DA:18,0
DA:20,0
DA:21,0
DA:24,0
DA:25,0
DA:28,0
DA:29,0
DA:30,0
DA:31,0
DA:34,0
DA:44,0
DA:63,0
DA:75,0
LF:20
LH:0
BRDA:44,0,0,0
BRDA:44,0,1,0
BRDA:46,1,0,0
BRDA:46,1,1,0
BRDA:63,2,0,0
BRDA:63,2,1,0
BRDA:66,3,0,0
BRDA:66,3,1,0
BRF:8
BRH:0
end_of_record
TN:
SF:src/app/components/common/ListStateWrapper.tsx
FN:22,(anonymous_1)
FN:45,(anonymous_2)
FNF:2
FNH:0
FNDA:0,(anonymous_1)
FNDA:0,(anonymous_2)
DA:2,0
DA:3,0
DA:4,0
DA:5,0
DA:6,0
DA:7,0
DA:22,0
DA:34,0
DA:36,0
DA:37,0
DA:38,0
DA:39,0
DA:45,0
DA:52,0
DA:55,0
LF:15
LH:0
BRDA:36,0,0,0
BRDA:37,1,0,0
BRDA:38,2,0,0
BRDA:38,3,0,0
BRDA:38,3,1,0
BRDA:38,4,0,0
BRDA:38,4,1,0
BRDA:38,5,0,0
BRDA:38,5,1,0
BRF:9
BRH:0
end_of_record
TN:
SF:src/app/components/common/PaginationComponent.tsx
FN:13,(anonymous_0)
FN:36,(anonymous_1)
FN:38,(anonymous_2)
FNF:3
FNH:0
FNDA:0,(anonymous_0)
FNDA:0,(anonymous_1)
FNDA:0,(anonymous_2)
DA:2,0
DA:10,0
DA:13,0
DA:20,0
DA:22,0
DA:36,0
DA:39,0
DA:57,0
LF:8
LH:0
BRF:0
BRH:0
end_of_record
TN:
SF:src/app/components/common/SnackbarComponent.tsx
FN:3,(anonymous_0)
FNF:1
FNH:0
FNDA:0,(anonymous_0)
DA:1,0
DA:3,0
DA:14,0
DA:23,0
LF:4
LH:0
BRF:0
BRH:0
end_of_record
TN:
SF:src/app/components/ui/Error.tsx
FN:9,(anonymous_0)
FNF:1
FNH:0
FNDA:0,(anonymous_0)
DA:2,0
DA:3,0
DA:9,0
DA:10,0
DA:11,0
DA:28,0
LF:6
LH:0
BRDA:22,0,0,0
BRDA:22,0,1,0
BRF:2
BRH:0
end_of_record
TN:
SF:src/app/components/ui/Loading.tsx
FN:9,(anonymous_0)
FNF:1
FNH:1
FNDA:3,(anonymous_0)
DA:2,1
DA:3,1
DA:9,1
DA:10,3
DA:11,3
DA:21,1
LF:6
LH:6
BRDA:15,0,0,3
BRDA:15,0,1,2
BRF:2
BRH:2
end_of_record
TN:
SF:src/app/components/ui/NotFound.tsx
FN:9,(anonymous_0)
FNF:1
FNH:0
FNDA:0,(anonymous_0)
DA:2,0
DA:3,0
DA:9,0
DA:10,0
DA:11,0
DA:22,0
LF:6
LH:0
BRF:0
BRH:0
end_of_record
TN:
SF:src/app/context/AuthContext.tsx
FN:21,(anonymous_8)
FN:26,(anonymous_9)
FN:26,(anonymous_10)
FN:40,(anonymous_11)
FN:46,(anonymous_12)
FN:49,(anonymous_13)
FN:55,(anonymous_14)
FN:55,(anonymous_15)
FN:58,(anonymous_16)
FN:64,(anonymous_17)
FN:64,(anonymous_18)
FN:69,(anonymous_19)
FN:69,(anonymous_20)
FN:88,(anonymous_21)
FNF:14
FNH:0
FNDA:0,(anonymous_8)
FNDA:0,(anonymous_9)
FNDA:0,(anonymous_10)
FNDA:0,(anonymous_11)
FNDA:0,(anonymous_12)
FNDA:0,(anonymous_13)
FNDA:0,(anonymous_14)
FNDA:0,(anonymous_15)
FNDA:0,(anonymous_16)
FNDA:0,(anonymous_17)
FNDA:0,(anonymous_18)
FNDA:0,(anonymous_19)
FNDA:0,(anonymous_20)
FNDA:0,(anonymous_21)
DA:1,0
DA:2,0
DA:3,0
DA:19,0
DA:21,0
DA:22,0
DA:24,0
DA:26,0
DA:27,0
DA:28,0
DA:29,0
DA:31,0
DA:39,0
DA:46,0
DA:47,0
DA:50,0
DA:54,0
DA:55,0
DA:56,0
DA:59,0
DA:60,0
DA:64,0
DA:65,0
DA:66,0
DA:69,0
DA:70,0
DA:73,0
DA:88,0
DA:89,0
DA:90,0
DA:91,0
LF:31
LH:0
BRDA:76,0,0,0
BRDA:76,0,1,0
BRDA:76,1,0,0
BRDA:76,1,1,0
BRDA:80,2,0,0
BRDA:80,2,1,0
BRDA:90,3,0,0
BRF:7
BRH:0
end_of_record
TN:
SF:src/app/data-layer/assessments.ts
FN:9,(anonymous_8)
FN:12,(anonymous_9)
FN:18,(anonymous_10)
FN:28,(anonymous_11)
FN:28,(anonymous_12)
FNF:5
FNH:0
FNDA:0,(anonymous_8)
FNDA:0,(anonymous_9)
FNDA:0,(anonymous_10)
FNDA:0,(anonymous_11)
FNDA:0,(anonymous_12)
DA:1,0
DA:9,0
DA:12,0
DA:13,0
DA:18,0
DA:19,0
DA:20,0
DA:23,0
DA:24,0
DA:25,0
DA:28,0
DA:29,0
LF:12
LH:0
BRDA:14,0,0,0
BRDA:14,0,1,0
BRDA:14,1,0,0
BRDA:14,1,1,0
BRDA:14,2,0,0
BRDA:14,2,1,0
BRDA:15,3,0,0
BRDA:15,3,1,0
BRDA:15,4,0,0
BRDA:15,4,1,0
BRDA:15,5,0,0
BRDA:15,5,1,0
BRDA:19,6,0,0
BRDA:19,7,0,0
BRDA:19,7,1,0
BRDA:19,7,2,0
BRF:16
BRH:0
end_of_record
TN:
SF:src/app/data-layer/submissions.ts
FN:21,(anonymous_8)
FN:21,(anonymous_9)
FN:37,(anonymous_10)
FN:47,(anonymous_11)
FN:61,(anonymous_12)
FN:61,(anonymous_13)
FN:66,(anonymous_14)
FN:66,(anonymous_15)
FNF:8
FNH:0
FNDA:0,(anonymous_8)
FNDA:0,(anonymous_9)
FNDA:0,(anonymous_10)
FNDA:0,(anonymous_11)
FNDA:0,(anonymous_12)
FNDA:0,(anonymous_13)
FNDA:0,(anonymous_14)
FNDA:0,(anonymous_15)
DA:1,0
DA:21,0
DA:22,0
DA:23,0
DA:24,0
DA:25,0
DA:26,0
DA:27,0
DA:28,0
DA:29,0
DA:30,0
DA:31,0
DA:33,0
DA:34,0
DA:37,0
DA:47,0
DA:48,0
DA:49,0
DA:52,0
DA:53,0
DA:54,0
DA:55,0
DA:57,0
DA:58,0
DA:61,0
DA:62,0
DA:63,0
DA:66,0
DA:67,0
DA:68,0
LF:30
LH:0
BRDA:23,0,0,0
BRDA:24,1,0,0
BRDA:25,2,0,0
BRDA:26,3,0,0
BRDA:27,4,0,0
BRDA:28,5,0,0
BRDA:29,6,0,0
BRDA:31,7,0,0
BRDA:40,8,0,0
BRDA:41,9,0,0
BRDA:48,10,0,0
BRDA:58,11,0,0
BRDA:58,11,1,0
BRF:13
BRH:0
end_of_record
TN:
SF:src/app/hooks/useDebounce.ts
FN:3,useDebounce
FN:6,(anonymous_1)
FN:7,(anonymous_2)
FN:11,(anonymous_3)
FNF:4
FNH:4
FNDA:11,useDebounce
FNDA:8,(anonymous_1)
FNDA:3,(anonymous_2)
FNDA:8,(anonymous_3)
DA:1,1
DA:3,1
DA:4,11
DA:6,11
DA:7,8
DA:8,3
DA:11,8
DA:12,8
DA:16,11
LF:9
LH:9
BRF:0
BRH:0
end_of_record
TN:
SF:src/app/layouts/DashboardLayout.tsx
FN:7,(anonymous_8)
FN:11,(anonymous_9)
FN:17,(anonymous_10)
FN:17,(anonymous_11)
FNF:4
FNH:0
FNDA:0,(anonymous_8)
FNDA:0,(anonymous_9)
FNDA:0,(anonymous_10)
FNDA:0,(anonymous_11)
DA:1,0
DA:2,0
DA:3,0
DA:4,0
DA:5,0
DA:7,0
DA:8,0
DA:9,0
DA:11,0
DA:12,0
DA:13,0
DA:14,0
DA:17,0
DA:18,0
DA:19,0
DA:21,0
DA:25,0
DA:26,0
DA:28,0
DA:73,0
LF:20
LH:0
BRDA:12,0,0,0
BRDA:12,0,1,0
BRDA:25,1,0,0
BRDA:26,2,0,0
BRDA:46,3,0,0
BRDA:46,3,1,0
BRF:6
BRH:0
end_of_record
TN:
SF:src/app/layouts/MainLayout.tsx
FN:5,(anonymous_1)
FNF:1
FNH:0
FNDA:0,(anonymous_1)
DA:1,0
DA:2,0
DA:3,0
DA:5,0
DA:6,0
DA:19,0
LF:6
LH:0
BRF:0
BRH:0
end_of_record
TN:
SF:src/app/locales/i18n.ts
FN:7,setDocumentDir
FN:37,(anonymous_2)
FNF:2
FNH:0
FNDA:0,setDocumentDir
FNDA:0,(anonymous_2)
DA:1,0
DA:2,0
DA:3,0
DA:4,0
DA:5,0
DA:8,0
DA:9,0
DA:13,0
DA:38,0
DA:42,0
DA:44,0
LF:11
LH:0
BRDA:8,0,0,0
BRF:1
BRH:0
end_of_record
TN:
SF:src/app/pages/NotFound.tsx
FN:5,NotFound
FN:18,(anonymous_1)
FN:39,(anonymous_2)
FNF:3
FNH:0
FNDA:0,NotFound
FNDA:0,(anonymous_1)
FNDA:0,(anonymous_2)
DA:1,0
DA:2,0
DA:3,0
DA:6,0
DA:7,0
DA:9,0
DA:18,0
DA:39,0
DA:48,0
LF:9
LH:0
BRF:0
BRH:0
end_of_record
TN:
SF:src/app/pages/Assessments/Assessments.tsx
FN:14,(anonymous_1)
FN:28,(anonymous_2)
FN:34,(anonymous_3)
FN:39,(anonymous_4)
FN:42,(anonymous_5)
FN:50,(anonymous_6)
FN:59,(anonymous_7)
FN:65,(anonymous_8)
FN:71,(anonymous_9)
FN:76,(anonymous_10)
FN:86,(anonymous_11)
FN:90,(anonymous_12)
FN:112,(anonymous_13)
FN:113,(anonymous_14)
FN:144,(anonymous_15)
FNF:15
FNH:0
FNDA:0,(anonymous_1)
FNDA:0,(anonymous_2)
FNDA:0,(anonymous_3)
FNDA:0,(anonymous_4)
FNDA:0,(anonymous_5)
FNDA:0,(anonymous_6)
FNDA:0,(anonymous_7)
FNDA:0,(anonymous_8)
FNDA:0,(anonymous_9)
FNDA:0,(anonymous_10)
FNDA:0,(anonymous_11)
FNDA:0,(anonymous_12)
FNDA:0,(anonymous_13)
FNDA:0,(anonymous_14)
FNDA:0,(anonymous_15)
DA:1,0
DA:2,0
DA:3,0
DA:4,0
DA:5,0
DA:7,0
DA:8,0
DA:10,0
DA:11,0
DA:12,0
DA:14,0
DA:15,0
DA:16,0
DA:17,0
DA:23,0
DA:24,0
DA:25,0
DA:26,0
DA:28,0
DA:29,0
DA:32,0
DA:34,0
DA:37,0
DA:40,0
DA:43,0
DA:44,0
DA:45,0
DA:49,0
DA:50,0
DA:60,0
DA:66,0
DA:71,0
DA:76,0
DA:87,0
DA:90,0
DA:101,0
DA:102,0
DA:103,0
DA:105,0
DA:112,0
DA:113,0
DA:116,0
DA:144,0
DA:151,0
LF:44
LH:0
BRDA:79,0,0,0
BRDA:79,0,1,0
BRDA:79,1,0,0
BRDA:79,1,1,0
BRDA:101,2,0,0
BRDA:101,2,1,0
BRDA:101,3,0,0
BRDA:101,3,1,0
BRDA:101,4,0,0
BRDA:101,4,1,0
BRDA:102,5,0,0
BRDA:102,5,1,0
BRDA:102,6,0,0
BRDA:102,6,1,0
BRDA:102,7,0,0
BRDA:102,7,1,0
BRDA:103,8,0,0
BRDA:103,8,1,0
BRDA:103,9,0,0
BRDA:103,9,1,0
BRDA:103,10,0,0
BRDA:103,10,1,0
BRDA:105,11,0,0
BRDA:105,11,1,0
BRDA:105,12,0,0
BRDA:105,12,1,0
BRDA:105,13,0,0
BRDA:105,13,1,0
BRF:28
BRH:0
end_of_record
TN:
SF:src/app/pages/Home/Home.tsx
FN:7,Home
FNF:1
FNH:0
FNDA:0,Home
DA:1,0
DA:2,0
DA:3,0
DA:4,0
DA:5,0
DA:8,0
DA:20,0
LF:7
LH:0
BRF:0
BRH:0
end_of_record
TN:
SF:src/app/pages/Home/components/FeaturesSection.tsx
FN:15,(anonymous_1)
FN:30,(anonymous_2)
FN:41,(anonymous_3)
FN:90,(anonymous_4)
FNF:4
FNH:0
FNDA:0,(anonymous_1)
FNDA:0,(anonymous_2)
FNDA:0,(anonymous_3)
FNDA:0,(anonymous_4)
DA:1,0
DA:9,0
DA:10,0
DA:11,0
DA:12,0
DA:13,0
DA:15,0
DA:30,0
DA:41,0
DA:42,0
DA:44,0
DA:65,0
DA:91,0
LF:13
LH:0
BRF:0
BRH:0
end_of_record
TN:
SF:src/app/pages/Home/components/HeroSection.tsx
FN:7,(anonymous_0)
FN:28,(anonymous_1)
FN:67,(anonymous_2)
FNF:3
FNH:0
FNDA:0,(anonymous_0)
FNDA:0,(anonymous_1)
FNDA:0,(anonymous_2)
DA:1,0
DA:2,0
DA:3,0
DA:4,0
DA:7,0
DA:28,0
DA:29,0
DA:30,0
DA:32,0
DA:67,0
LF:10
LH:0
BRF:0
BRH:0
end_of_record
TN:
SF:src/app/pages/Home/components/StatsSection.tsx
FN:5,(anonymous_0)
FN:21,(anonymous_1)
FN:32,(anonymous_2)
FNF:3
FNH:0
FNDA:0,(anonymous_0)
FNDA:0,(anonymous_1)
FNDA:0,(anonymous_2)
DA:1,0
DA:2,0
DA:3,0
DA:5,0
DA:15,0
DA:21,0
DA:22,0
DA:24,0
DA:33,0
LF:9
LH:0
BRF:0
BRH:0
end_of_record
TN:
SF:src/app/pages/Home/components/TechnologySection.tsx
FN:5,(anonymous_0)
FN:32,(anonymous_1)
FN:49,(anonymous_2)
FNF:3
FNH:0
FNDA:0,(anonymous_0)
FNDA:0,(anonymous_1)
FNDA:0,(anonymous_2)
DA:1,0
DA:2,0
DA:3,0
DA:5,0
DA:21,0
DA:32,0
DA:33,0
DA:35,0
DA:50,0
LF:9
LH:0
BRF:0
BRH:0
end_of_record
TN:
SF:src/app/pages/Login/Login.tsx
FN:5,Login
FNF:1
FNH:0
FNDA:0,Login
DA:1,0
DA:2,0
DA:3,0
DA:5,0
DA:6,0
DA:7,0
DA:9,0
LF:7
LH:0
BRDA:7,0,0,0
BRF:1
BRH:0
end_of_record
TN:
SF:src/app/pages/TrackSubmission/TrackSubmission.tsx
FN:38,(anonymous_1)
FN:57,(anonymous_2)
FN:72,(anonymous_3)
FN:85,(anonymous_4)
FN:91,(anonymous_5)
FN:106,(anonymous_6)
FN:110,(anonymous_7)
FN:122,(anonymous_8)
FN:127,(anonymous_9)
FN:133,(anonymous_10)
FN:137,(anonymous_11)
FN:141,(anonymous_12)
FN:152,(anonymous_13)
FN:158,(anonymous_14)
FN:164,(anonymous_15)
FN:169,(anonymous_16)
FN:175,(anonymous_17)
FN:180,(anonymous_18)
FN:185,(anonymous_19)
FN:190,(anonymous_20)
FN:193,(anonymous_21)
FN:196,(anonymous_22)
FN:200,(anonymous_23)
FN:262,(anonymous_24)
FN:263,(anonymous_25)
FN:266,(anonymous_26)
FN:268,(anonymous_27)
FN:274,(anonymous_28)
FN:426,(anonymous_29)
FNF:29
FNH:0
FNDA:0,(anonymous_1)
FNDA:0,(anonymous_2)
FNDA:0,(anonymous_3)
FNDA:0,(anonymous_4)
FNDA:0,(anonymous_5)
FNDA:0,(anonymous_6)
FNDA:0,(anonymous_7)
FNDA:0,(anonymous_8)
FNDA:0,(anonymous_9)
FNDA:0,(anonymous_10)
FNDA:0,(anonymous_11)
FNDA:0,(anonymous_12)
FNDA:0,(anonymous_13)
FNDA:0,(anonymous_14)
FNDA:0,(anonymous_15)
FNDA:0,(anonymous_16)
FNDA:0,(anonymous_17)
FNDA:0,(anonymous_18)
FNDA:0,(anonymous_19)
FNDA:0,(anonymous_20)
FNDA:0,(anonymous_21)
FNDA:0,(anonymous_22)
FNDA:0,(anonymous_23)
FNDA:0,(anonymous_24)
FNDA:0,(anonymous_25)
FNDA:0,(anonymous_26)
FNDA:0,(anonymous_27)
FNDA:0,(anonymous_28)
FNDA:0,(anonymous_29)
DA:1,0
DA:2,0
DA:3,0
DA:4,0
DA:5,0
DA:17,0
DA:18,0
DA:19,0
DA:20,0
DA:21,0
DA:22,0
DA:24,0
DA:29,0
DA:30,0
DA:31,0
DA:33,0
DA:34,0
DA:35,0
DA:38,0
DA:39,0
DA:40,0
DA:41,0
DA:46,0
DA:47,0
DA:48,0
DA:49,0
DA:51,0
DA:52,0
DA:53,0
DA:55,0
DA:58,0
DA:64,0
DA:70,0
DA:73,0
DA:79,0
DA:85,0
DA:86,0
DA:89,0
DA:92,0
DA:106,0
DA:107,0
DA:110,0
DA:111,0
DA:122,0
DA:123,0
DA:124,0
DA:127,0
DA:128,0
DA:129,0
DA:132,0
DA:133,0
DA:137,0
DA:141,0
DA:153,0
DA:159,0
DA:164,0
DA:170,0
DA:175,0
DA:180,0
DA:186,0
DA:187,0
DA:188,0
DA:189,0
DA:190,0
DA:191,0
DA:193,0
DA:194,0
DA:196,0
DA:197,0
DA:198,0
DA:200,0
DA:201,0
DA:202,0
DA:205,0
DA:206,0
DA:262,0
DA:263,0
DA:266,0
DA:267,0
DA:268,0
DA:274,0
DA:275,0
DA:280,0
DA:281,0
DA:282,0
DA:285,0
DA:286,0
DA:288,0
DA:426,0
DA:433,0
LF:90
LH:0
BRDA:107,0,0,0
BRDA:107,0,1,0
BRDA:111,1,0,0
BRDA:111,1,1,0
BRDA:144,2,0,0
BRDA:144,2,1,0
BRDA:144,3,0,0
BRDA:144,3,1,0
BRDA:205,4,0,0
BRDA:205,4,1,0
BRDA:216,5,0,0
BRDA:216,5,1,0
BRDA:218,6,0,0
BRDA:218,6,1,0
BRDA:224,7,0,0
BRDA:224,7,1,0
BRDA:229,8,0,0
BRDA:229,8,1,0
BRDA:235,9,0,0
BRDA:235,9,1,0
BRDA:270,10,0,0
BRDA:270,10,1,0
BRDA:280,11,0,0
BRDA:280,11,1,0
BRDA:280,12,0,0
BRDA:280,12,1,0
BRDA:280,13,0,0
BRDA:280,13,1,0
BRDA:280,14,0,0
BRDA:280,14,1,0
BRDA:280,15,0,0
BRDA:280,15,1,0
BRDA:281,16,0,0
BRDA:281,16,1,0
BRDA:281,17,0,0
BRDA:281,17,1,0
BRDA:281,18,0,0
BRDA:281,18,1,0
BRDA:281,19,0,0
BRDA:281,19,1,0
BRDA:281,20,0,0
BRDA:281,20,1,0
BRDA:282,21,0,0
BRDA:282,21,1,0
BRDA:282,22,0,0
BRDA:282,22,1,0
BRDA:282,23,0,0
BRDA:282,23,1,0
BRDA:282,24,0,0
BRDA:282,24,1,0
BRDA:282,25,0,0
BRDA:282,25,1,0
BRDA:285,26,0,0
BRDA:285,26,1,0
BRDA:285,27,0,0
BRDA:285,27,1,0
BRDA:285,28,0,0
BRDA:285,28,1,0
BRDA:285,29,0,0
BRDA:285,29,1,0
BRDA:285,30,0,0
BRDA:285,30,1,0
BRDA:285,31,0,0
BRDA:285,31,1,0
BRDA:286,32,0,0
BRDA:286,32,1,0
BRDA:286,33,0,0
BRDA:286,33,1,0
BRDA:286,34,0,0
BRDA:286,34,1,0
BRDA:286,35,0,0
BRDA:286,35,1,0
BRDA:286,36,0,0
BRDA:286,36,1,0
BRDA:323,37,0,0
BRDA:323,37,1,0
BRDA:339,38,0,0
BRDA:339,38,1,0
BRDA:369,39,0,0
BRDA:369,39,1,0
BRDA:369,40,0,0
BRDA:369,40,1,0
BRDA:399,41,0,0
BRDA:399,41,1,0
BRDA:402,42,0,0
BRDA:402,42,1,0
BRDA:402,43,0,0
BRDA:402,43,1,0
BRDA:427,44,0,0
BRDA:427,44,1,0
BRF:90
BRH:0
end_of_record
TN:
SF:src/app/routes/ProtectedRoute.tsx
FN:5,ProtectedRoute
FNF:1
FNH:0
FNDA:0,ProtectedRoute
DA:2,0
DA:3,0
DA:5,0
DA:10,0
DA:11,0
DA:12,0
LF:6
LH:0
BRDA:11,0,0,0
BRDA:12,1,0,0
BRDA:12,1,1,0
BRF:3
BRH:0
end_of_record
TN:
SF:src/app/routes/routes.tsx
FN:10,AppRoutes
FNF:1
FNH:0
FNDA:0,AppRoutes
DA:1,0
DA:2,0
DA:3,0
DA:4,0
DA:5,0
DA:6,0
DA:7,0
DA:8,0
DA:11,0
DA:26,0
LF:10
LH:0
BRF:0
BRH:0
end_of_record
TN:
SF:src/app/theme/theme.ts
FNF:0
FNH:0
DA:1,0
DA:3,0
LF:2
LH:0
BRF:0
BRH:0
end_of_record
TN:
SF:src/app/utils/index.ts
FN:4,(anonymous_1)
FN:17,formatDurationDescriptive
FNF:2
FNH:0
FNDA:0,(anonymous_1)
FNDA:0,formatDurationDescriptive
DA:1,0
DA:2,0
DA:4,0
DA:5,0
DA:6,0
DA:7,0
DA:8,0
DA:9,0
DA:10,0
DA:12,0
DA:13,0
DA:17,0
DA:21,0
DA:22,0
DA:23,0
DA:24,0
DA:25,0
DA:27,0
DA:28,0
DA:29,0
DA:30,0
DA:32,0
LF:22
LH:0
BRDA:5,0,0,0
BRDA:8,1,0,0
BRDA:8,1,1,0
BRDA:27,2,0,0
BRDA:28,3,0,0
BRDA:29,4,0,0
BRDA:29,5,0,0
BRDA:29,5,1,0
BRF:8
BRH:0
end_of_record
TN:
SF:src/test/setup.ts
FN:5,(anonymous_0)
FN:6,(anonymous_1)
FN:7,(anonymous_2)
FN:13,(anonymous_3)
FN:23,(anonymous_4)
FN:26,(anonymous_5)
FN:27,(anonymous_6)
FN:28,(anonymous_7)
FN:32,(anonymous_8)
FN:41,(anonymous_9)
FN:48,(anonymous_10)
FNF:11
FNH:0
FNDA:0,(anonymous_0)
FNDA:0,(anonymous_1)
FNDA:0,(anonymous_2)
FNDA:0,(anonymous_3)
FNDA:0,(anonymous_4)
FNDA:0,(anonymous_5)
FNDA:0,(anonymous_6)
FNDA:0,(anonymous_7)
FNDA:0,(anonymous_8)
FNDA:0,(anonymous_9)
FNDA:0,(anonymous_10)
DA:1,0
DA:2,0
DA:5,0
DA:6,0
DA:7,0
DA:13,0
DA:17,0
DA:23,0
DA:26,0
DA:27,0
DA:28,0
DA:32,0
DA:41,0
DA:42,0
DA:46,0
DA:48,0
LF:16
LH:0
BRDA:7,0,0,0
BRDA:7,0,1,0
BRF:2
BRH:0
end_of_record
TN:
SF:src/test/test-utils.tsx
FN:13,(anonymous_4)
FN:34,(anonymous_5)
FNF:2
FNH:0
FNDA:0,(anonymous_4)
FNDA:0,(anonymous_5)
DA:2,0
DA:3,0
DA:4,0
DA:5,0
DA:6,0
DA:7,0
DA:13,0
DA:14,0
DA:22,0
DA:34,0
DA:37,0
DA:39,0
DA:40,0
LF:13
LH:0
BRF:0
BRH:0
end_of_record
